<?xml version="1.0" encoding="UTF-8"?>
<!-- Generated by org.testng.reporters.JUnitReportReporter -->
<testsuite hostname="DESKTOP-QMO9A9N" name="guoxiaoli.Demo" tests="7" failures="0" timestamp="17 Dec 2019 07:51:13 GMT" time="512.220" errors="0">
  <testcase name="bagcart" time="110.614" classname="guoxiaoli.Demo"/>
  <testcase name="jiajucart" time="153.853" classname="guoxiaoli.Demo"/>
  <testcase name="backstage" time="24.680" classname="guoxiaoli.Demo"/>
  <testcase name="foodcart" time="54.062" classname="guoxiaoli.Demo"/>
  <testcase name="foodbuy" time="44.804" classname="guoxiaoli.Demo"/>
  <testcase name="bagbuy" time="61.960" classname="guoxiaoli.Demo"/>
  <testcase name="jiajubuy" time="62.247" classname="guoxiaoli.Demo"/>
</testsuite> <!-- guoxiaoli.Demo -->
