<?xml version="1.0" encoding="UTF-8"?>
<!-- Generated by org.testng.reporters.JUnitReportReporter -->
<testsuite hostname="DESKTOP-QMO9A9N" name="guoxiaoli.Demo1" tests="44" failures="0" timestamp="13 Dec 2019 05:53:54 GMT" time="685.111" errors="0">
  <testcase name="freight" time="12.068" classname="guoxiaoli.Demo1"/>
  <testcase name="freight" time="12.757" classname="guoxiaoli.Demo1"/>
  <testcase name="setpassowrd" time="13.147" classname="guoxiaoli.Demo1"/>
  <testcase name="takeself" time="12.417" classname="guoxiaoli.Demo1"/>
  <testcase name="setshop" time="5.861" classname="guoxiaoli.Demo1"/>
  <testcase name="addarticle" time="22.221" classname="guoxiaoli.Demo1"/>
  <testcase name="delivery" time="19.309" classname="guoxiaoli.Demo1"/>
  <testcase name="takeself" time="22.059" classname="guoxiaoli.Demo1"/>
  <testcase name="takeself" time="20.119" classname="guoxiaoli.Demo1"/>
  <testcase name="setpassowrd" time="12.918" classname="guoxiaoli.Demo1"/>
  <testcase name="addarticle" time="22.086" classname="guoxiaoli.Demo1"/>
  <testcase name="delivery" time="15.402" classname="guoxiaoli.Demo1"/>
  <testcase name="takeself" time="12.757" classname="guoxiaoli.Demo1"/>
  <testcase name="addarticle" time="22.534" classname="guoxiaoli.Demo1"/>
  <testcase name="takeself" time="21.795" classname="guoxiaoli.Demo1"/>
  <testcase name="xitong" time="7.679" classname="guoxiaoli.Demo1"/>
  <testcase name="addarticle" time="22.302" classname="guoxiaoli.Demo1"/>
  <testcase name="setback" time="8.898" classname="guoxiaoli.Demo1"/>
  <testcase name="setquit" time="13.014" classname="guoxiaoli.Demo1"/>
  <testcase name="freight" time="11.751" classname="guoxiaoli.Demo1"/>
  <testcase name="login" time="12.015" classname="guoxiaoli.Demo1"/>
  <testcase name="takeself" time="12.382" classname="guoxiaoli.Demo1"/>
  <testcase name="delivery" time="15.899" classname="guoxiaoli.Demo1"/>
  <testcase name="db" time="9.305" classname="guoxiaoli.Demo1"/>
  <testcase name="addarticle" time="22.793" classname="guoxiaoli.Demo1"/>
  <testcase name="addarticle" time="22.017" classname="guoxiaoli.Demo1"/>
  <testcase name="addarticle" time="22.079" classname="guoxiaoli.Demo1"/>
  <testcase name="freight" time="4.253" classname="guoxiaoli.Demo1"/>
  <testcase name="freight" time="11.852" classname="guoxiaoli.Demo1"/>
  <testcase name="setpassowrd" time="14.163" classname="guoxiaoli.Demo1"/>
  <testcase name="addarticle" time="22.169" classname="guoxiaoli.Demo1"/>
  <testcase name="netset" time="14.371" classname="guoxiaoli.Demo1"/>
  <testcase name="setnav" time="17.396" classname="guoxiaoli.Demo1"/>
  <testcase name="takeself" time="12.554" classname="guoxiaoli.Demo1"/>
  <testcase name="addarticle" time="22.607" classname="guoxiaoli.Demo1"/>
  <testcase name="setpassowrd" time="13.548" classname="guoxiaoli.Demo1"/>
  <testcase name="setpassowrd" time="13.367" classname="guoxiaoli.Demo1"/>
  <testcase name="takeself" time="12.549" classname="guoxiaoli.Demo1"/>
  <testcase name="freight" time="15.553" classname="guoxiaoli.Demo1"/>
  <testcase name="setpassowrd" time="13.319" classname="guoxiaoli.Demo1"/>
  <testcase name="addarticle" time="22.434" classname="guoxiaoli.Demo1"/>
  <testcase name="setpassowrd" time="13.798" classname="guoxiaoli.Demo1"/>
  <testcase name="takeself" time="21.135" classname="guoxiaoli.Demo1"/>
  <testcase name="freight" time="12.459" classname="guoxiaoli.Demo1"/>
</testsuite> <!-- guoxiaoli.Demo1 -->
