<?xml version="1.0" encoding="UTF-8"?>
<!-- Generated by org.testng.reporters.JUnitReportReporter -->
<testsuite hostname="DESKTOP-QMO9A9N" name="uitest.Login" tests="1" failures="0" timestamp="26 Nov 2019 02:13:33 GMT" time="6.544" errors="0">
  <testcase name="f" time="6.544" classname="uitest.Login"/>
</testsuite> <!-- uitest.Login -->
