<?xml version="1.0" encoding="UTF-8"?>
<!-- Generated by org.testng.reporters.JUnitReportReporter -->
<testsuite hostname="DESKTOP-QMO9A9N" name="azhouqianqian.HomeElectricity" tests="10" failures="0" timestamp="13 Dec 2019 05:53:54 GMT" time="145.217" errors="0">
  <testcase name="test_order2" time="21.562" classname="azhouqianqian.HomeElectricity"/>
  <testcase name="test_sort2_money" time="16.336" classname="azhouqianqian.HomeElectricity"/>
  <testcase name="test_order4" time="20.944" classname="azhouqianqian.HomeElectricity"/>
  <testcase name="test_order3" time="21.227" classname="azhouqianqian.HomeElectricity"/>
  <testcase name="test_order1" time="22.514" classname="azhouqianqian.HomeElectricity"/>
  <testcase name="test_jump3" time="4.761" classname="azhouqianqian.HomeElectricity"/>
  <testcase name="test_jump2" time="5.056" classname="azhouqianqian.HomeElectricity"/>
  <testcase name="test_jump4" time="4.864" classname="azhouqianqian.HomeElectricity"/>
  <testcase name="test_sort1_money" time="17.198" classname="azhouqianqian.HomeElectricity"/>
  <testcase name="test_jump1" time="10.755" classname="azhouqianqian.HomeElectricity"/>
</testsuite> <!-- azhouqianqian.HomeElectricity -->
