<?xml version="1.0" encoding="UTF-8"?>
<!-- Generated by org.testng.reporters.JUnitReportReporter -->
<testsuite hostname="DESKTOP-QMO9A9N" name="guoxiaoli.Demo" tests="7" failures="0" timestamp="17 Dec 2019 09:03:21 GMT" time="894.738" errors="0">
  <testcase name="bagbuy" time="59.999" classname="guoxiaoli.Demo"/>
  <testcase name="foodbuy" time="58.566" classname="guoxiaoli.Demo"/>
  <testcase name="backstage" time="73.592" classname="guoxiaoli.Demo"/>
  <testcase name="bagcart" time="89.699" classname="guoxiaoli.Demo"/>
  <testcase name="jiajucart" time="350.329" classname="guoxiaoli.Demo"/>
  <testcase name="jiajubuy" time="65.027" classname="guoxiaoli.Demo"/>
  <testcase name="foodcart" time="197.526" classname="guoxiaoli.Demo"/>
</testsuite> <!-- guoxiaoli.Demo -->
