<?xml version="1.0" encoding="UTF-8"?>
<!-- Generated by org.testng.reporters.JUnitReportReporter -->
<testsuite hostname="DESKTOP-QMO9A9N" name="azhouqianqian.HomeElectricity" tests="10" failures="0" timestamp="17 Dec 2019 09:03:21 GMT" time="153.026" errors="0">
  <testcase name="test_sort1_money" time="18.487" classname="azhouqianqian.HomeElectricity"/>
  <testcase name="test_order2" time="21.605" classname="azhouqianqian.HomeElectricity"/>
  <testcase name="test_jump2" time="6.618" classname="azhouqianqian.HomeElectricity"/>
  <testcase name="test_sort2_money" time="18.149" classname="azhouqianqian.HomeElectricity"/>
  <testcase name="test_order3" time="21.841" classname="azhouqianqian.HomeElectricity"/>
  <testcase name="test_jump3" time="5.771" classname="azhouqianqian.HomeElectricity"/>
  <testcase name="test_jump4" time="5.645" classname="azhouqianqian.HomeElectricity"/>
  <testcase name="test_jump1" time="11.519" classname="azhouqianqian.HomeElectricity"/>
  <testcase name="test_order1" time="21.800" classname="azhouqianqian.HomeElectricity"/>
  <testcase name="test_order4" time="21.591" classname="azhouqianqian.HomeElectricity"/>
</testsuite> <!-- azhouqianqian.HomeElectricity -->
